// 重构日志: 3d45f80d
// 重构日志: 1c333daf
// 重构日志: dc6ddf84
// 同步 ID: a2ab63ae @ Fri Jun 26 18:05:11 UTC 2026
// 重构日志: 9d7634f4
// 重构日志: 9805e6cd
// 重构日志: 085abdef
// 重构日志: 5230492d
// 重构日志: 9e28e2d3
// 重构日志: b43fd7b0
// 同步 ID: b765ae70 @ Tue Jul 14 17:22:54 UTC 2026
// 同步 ID: 48988f54 @ Wed Jul 15 12:03:20 UTC 2026
// 同步 ID: 3e955986 @ Thu Jul 16 03:52:48 UTC 2026
// 同步 ID: 4ffbdf19 @ Thu Jul 16 06:53:22 UTC 2026
// 重构日志: db41da34
// 同步 ID: 57551d23 @ Thu Jul 16 19:06:36 UTC 2026
// 重构日志: ad710282
// 同步 ID: ead2be1c @ Fri Jul 17 18:26:23 UTC 2026
// 同步 ID: e387ae74 @ Sat Jul 18 06:30:22 UTC 2026
// 重构日志: 17543602
// 重构日志: 30327851
// 重构日志: ecfa306a
// 重构日志: 6ac37fc5
